
Showing logs for build [32mcb-kubecd-environment-pr-1308-2-5msmv-1[0m stage [32mfrom-build-pack[0m and container [32mstep-credential-initializer-zjrzd[0m
{"level":"warn","ts":1585016457.7373493,"logger":"fallback-logger","caller":"logging/config.go:69","msg":"Fetch GitHub commit ID from kodata failed: \"ref: refs/heads/0.8.0-**-support-backwards-incompats\" is not a valid GitHub commit ID"}
{"level":"info","ts":1585016457.7381408,"logger":"fallback-logger","caller":"creds-init/main.go:40","msg":"Credentials initialized."}

Showing logs for build [32mcb-kubecd-environment-pr-1308-2-5msmv-1[0m stage [32mfrom-build-pack[0m and container [32mstep-working-dir-initializer-q2k8g[0m
{"level":"warn","ts":1585016458.7630954,"logger":"fallback-logger","caller":"logging/config.go:69","msg":"Fetch GitHub commit ID from kodata failed: open /var/run/ko/HEAD: no such file or directory"}
{"level":"info","ts":1585016458.7652225,"logger":"fallback-logger","caller":"bash/main.go:64","msg":"Successfully executed command \"sh -c mkdir -p /workspace/source\"; output "}

Showing logs for build [32mcb-kubecd-environment-pr-1308-2-5msmv-1[0m stage [32mfrom-build-pack[0m and container [32mstep-place-tools[0m

Showing logs for build [32mcb-kubecd-environment-pr-1308-2-5msmv-1[0m stage [32mfrom-build-pack[0m and container [32mstep-git-source-cb-kubecd-environment-pr-1308-2-5msmv-z5tvk[0m
{"level":"warn","ts":1585016461.8322787,"logger":"fallback-logger","caller":"logging/config.go:69","msg":"Fetch GitHub commit ID from kodata failed: \"ref: refs/heads/0.8.0-**-support-backwards-incompats\" is not a valid GitHub commit ID"}
{"level":"info","ts":1585016462.9413378,"logger":"fallback-logger","caller":"git/git.go:103","msg":"Successfully cloned https://github.com/cb-kubecd/environment-pr-1308-2-bdd-frontend-staging.git @ master in path /workspace/source"}

Showing logs for build [32mcb-kubecd-environment-pr-1308-2-5msmv-1[0m stage [32mfrom-build-pack[0m and container [32mstep-git-merge[0m
Using SHAs from PULL_REFS=master:c3cd453a4cc1f8aab56fea47c6ffdc4fe71b14d9,1:63a68d0034c0e92d27847c2e6f9bd44f1f1e5764
DEBUG: LC_ALL=C JX_LOG_LEVEL=error git fetch origin --unshallow 63a68d0034c0e92d27847c2e6f9bd44f1f1e5764: c3cd453a4cc1f8aab56fea47c6ffdc4fe71b14d9:
DEBUG: ran git fetch --unshallow origin 63a68d0034c0e92d27847c2e6f9bd44f1f1e5764: c3cd453a4cc1f8aab56fea47c6ffdc4fe71b14d9: in 
DEBUG: LC_ALL=C JX_LOG_LEVEL=error git branch
DEBUG: LC_ALL=C JX_LOG_LEVEL=error git checkout master
DEBUG: ran git checkout master in 
DEBUG: LC_ALL=C JX_LOG_LEVEL=error git reset --hard c3cd453a4cc1f8aab56fea47c6ffdc4fe71b14d9
DEBUG: ran git reset --hard c3cd453a4cc1f8aab56fea47c6ffdc4fe71b14d9 in 
DEBUG: JX_LOG_LEVEL=error LC_ALL=C git clean -fd .
DEBUG: ran clean --force -d . in 
DEBUG: LC_ALL=C JX_LOG_LEVEL=error git merge 63a68d0034c0e92d27847c2e6f9bd44f1f1e5764
DEBUG: ran git merge 63a68d0034c0e92d27847c2e6f9bd44f1f1e5764 in 
DEBUG: JX_LOG_LEVEL=error LC_ALL=C git log --format=%H%x1f%an%x1f%ae%x1f%cn%x1f%ce%x1f%s%n%b%x1e c3cd453a4cc1f8aab56fea47c6ffdc4fe71b14d9..HEAD
Merged SHA 63a68d0034c0e92d27847c2e6f9bd44f1f1e5764 with commit message 'chore: Promote bdd-nh-1585015526 to version 0.0.1' into base branch master

Showing logs for build [32mcb-kubecd-environment-pr-1308-2-5msmv-1[0m stage [32mfrom-build-pack[0m and container [32mstep-build-helm-build[0m
WARNING: No $CHART_REPOSITORY defined so using the default value of: http://jenkins-x-chartmuseum:8080
Adding missing Helm repo: storage.googleapis.com https://storage.googleapis.com/chartmuseum.jenkins-x.io
WARNING: No secrets found on "helm/repos" due: reading the secret "helm/repos" from vault: no secret "helm/repos" not found in vault
Read credentials for https://storage.googleapis.com/chartmuseum.jenkins-x.io from vault helm/repos
Successfully added Helm repository storage.googleapis.com.
Adding missing Helm repo: jenkins-x-chartmuseum http://jenkins-x-chartmuseum:8080
WARNING: No secrets found on "helm/repos" due: reading the secret "helm/repos" from vault: no secret "helm/repos" not found in vault
Read credentials for http://jenkins-x-chartmuseum:8080 from vault helm/repos
Successfully added Helm repository jenkins-x-chartmuseum.
WARNING: No $CHART_REPOSITORY defined so using the default value of: http://jenkins-x-chartmuseum:8080
Adding missing Helm repo: chartmuseum.jenkins-x.io http://chartmuseum.jenkins-x.io
WARNING: No secrets found on "helm/repos" due: reading the secret "helm/repos" from vault: no secret "helm/repos" not found in vault
Read credentials for http://chartmuseum.jenkins-x.io from vault helm/repos
Successfully added Helm repository chartmuseum.jenkins-x.io.
